C:\Users\ajant\source\repos\ASPNETReactStarterKit\ASPNETReactStarterKit\dist\webpack.config.js
C:\Users\ajant\source\repos\ASPNETReactStarterKit\ASPNETReactStarterKit\dist\webpack.config.js.map
C:\Users\ajant\source\repos\ASPNETReactStarterKit\ASPNETReactStarterKit\dist\wwwroot\dist\bundle.js
C:\Users\ajant\source\repos\ASPNETReactStarterKit\ASPNETReactStarterKit\dist\wwwroot\dist\bundle.js.map
C:\Users\ajant\source\repos\ASPNETReactStarterKit\ASPNETReactStarterKit\dist\wwwroot\js\site.js
C:\Users\ajant\source\repos\ASPNETReactStarterKit\ASPNETReactStarterKit\dist\wwwroot\js\site.js.map
C:\Users\ajant\source\repos\ASPNETReactStarterKit\ASPNETReactStarterKit\dist\wwwroot\lib\bootstrap\dist\js\bootstrap.bundle.js
C:\Users\ajant\source\repos\ASPNETReactStarterKit\ASPNETReactStarterKit\dist\wwwroot\lib\bootstrap\dist\js\bootstrap.bundle.js.map
C:\Users\ajant\source\repos\ASPNETReactStarterKit\ASPNETReactStarterKit\dist\wwwroot\lib\bootstrap\dist\js\bootstrap.js
C:\Users\ajant\source\repos\ASPNETReactStarterKit\ASPNETReactStarterKit\dist\wwwroot\lib\bootstrap\dist\js\bootstrap.js.map
C:\Users\ajant\source\repos\ASPNETReactStarterKit\ASPNETReactStarterKit\dist\wwwroot\lib\jquery\dist\jquery.js
C:\Users\ajant\source\repos\ASPNETReactStarterKit\ASPNETReactStarterKit\dist\wwwroot\lib\jquery\dist\jquery.js.map
C:\Users\ajant\source\repos\ASPNETReactStarterKit\ASPNETReactStarterKit\dist\wwwroot\lib\jquery-validation\dist\additional-methods.js
C:\Users\ajant\source\repos\ASPNETReactStarterKit\ASPNETReactStarterKit\dist\wwwroot\lib\jquery-validation\dist\additional-methods.js.map
C:\Users\ajant\source\repos\ASPNETReactStarterKit\ASPNETReactStarterKit\dist\wwwroot\lib\jquery-validation\dist\jquery.validate.js
C:\Users\ajant\source\repos\ASPNETReactStarterKit\ASPNETReactStarterKit\dist\wwwroot\lib\jquery-validation\dist\jquery.validate.js.map
C:\Users\ajant\source\repos\ASPNETReactStarterKit\ASPNETReactStarterKit\dist\wwwroot\lib\jquery-validation-unobtrusive\jquery.validate.unobtrusive.js
C:\Users\ajant\source\repos\ASPNETReactStarterKit\ASPNETReactStarterKit\dist\wwwroot\lib\jquery-validation-unobtrusive\jquery.validate.unobtrusive.js.map
C:\Users\ajant\source\repos\ASPNETReactStarterKit\ASPNETReactStarterKit\dist\wwwroot\src\components\Hello.js
C:\Users\ajant\source\repos\ASPNETReactStarterKit\ASPNETReactStarterKit\dist\wwwroot\src\components\Hello.js.map
C:\Users\ajant\source\repos\ASPNETReactStarterKit\ASPNETReactStarterKit\dist\wwwroot\src\index.js
C:\Users\ajant\source\repos\ASPNETReactStarterKit\ASPNETReactStarterKit\dist\wwwroot\src\index.js.map
C:\Users\ajant\source\repos\ASPNETReactStarterKit\ASPNETReactStarterKit\dist\wwwroot\src\components\Album.js
C:\Users\ajant\source\repos\ASPNETReactStarterKit\ASPNETReactStarterKit\dist\wwwroot\src\components\Album.js.map
C:\Users\ajant\source\repos\ASPNETReactStarterKit\ASPNETReactStarterKit\dist\wwwroot\src\components\SignIn.js
C:\Users\ajant\source\repos\ASPNETReactStarterKit\ASPNETReactStarterKit\dist\wwwroot\src\components\SignIn.js.map
